<?xml version="1.0" encoding="UTF-8" ?>
<testsuite errors="4" failures="0" hostname="phrebejk-nb" name="org.codeviation.pojson.JsonTypesTest" tests="4" time="0.18" timestamp="2008-12-09T16:15:06">
  <properties>
[...]
</properties>
  <testcase classname="org.codeviation.pojson.JsonTypesTest" name="primitives" time="0.04">
    <error message="expected:&lt;...   &quot;fEnum&quot;: &quot;SOURCE&quot;[]
    &quot;fDate&quot;: 611600...&gt; but was:&lt;...   &quot;fEnum&quot;: &quot;SOURCE&quot;[,]
    &quot;fDate&quot;: 611600...&gt;" type="org.junit.ComparisonFailure">    &quot;fDate&quot;: 611600...&gt; but was:&lt;...   &quot;fEnum&quot;: &quot;SOURCE&quot;[,]
    &quot;fDate&quot;: 611600...&gt;
	at org.codeviation.pojson.JsonTypesTest.primitives(JsonTypesTest.java:76)
</error>
  </testcase>
  <testcase classname="org.codeviation.pojson.JsonTypesTest" name="primitivesUnindented" time="0.0080">
    <error message="expected:&lt;...ng&quot;,&quot;fEnum&quot;:&quot;SOURCE&quot;[]&quot;fDate&quot;:611600654450...&gt; but was:&lt;...ng&quot;,&quot;fEnum&quot;:&quot;SOURCE&quot;[,]&quot;fDate&quot;:611600654450...&gt;" type="org.junit.ComparisonFailure">	at org.codeviation.pojson.JsonTypesTest.primitivesUnindented(JsonTypesTest.java:89)
</error>
  </testcase>
  <testcase classname="org.codeviation.pojson.JsonTypesTest" name="objects" time="0.0040">
    <error message="expected:&lt;...   &quot;fEnum&quot;: &quot;SOURCE&quot;[]
    &quot;fDate&quot;: 611600...&gt; but was:&lt;...   &quot;fEnum&quot;: &quot;SOURCE&quot;[,]
    &quot;fDate&quot;: 611600...&gt;" type="org.junit.ComparisonFailure">    &quot;fDate&quot;: 611600...&gt; but was:&lt;...   &quot;fEnum&quot;: &quot;SOURCE&quot;[,]
    &quot;fDate&quot;: 611600...&gt;
	at org.codeviation.pojson.JsonTypesTest.objects(JsonTypesTest.java:99)
</error>
  </testcase>
  <testcase classname="org.codeviation.pojson.JsonTypesTest" name="objectsUnindented" time="0.0050">
    <error message="expected:&lt;...ng&quot;,&quot;fEnum&quot;:&quot;SOURCE&quot;[]&quot;fDate&quot;:611600654450...&gt; but was:&lt;...ng&quot;,&quot;fEnum&quot;:&quot;SOURCE&quot;[,]&quot;fDate&quot;:611600654450...&gt;" type="org.junit.ComparisonFailure">	at org.codeviation.pojson.JsonTypesTest.objectsUnindented(JsonTypesTest.java:113)
</error>
  </testcase>
  <system-out><![CDATA[primitives
primitivesUnindented
objects
objectsUnindented
]]></system-out>
  <system-err><![CDATA[]]></system-err>
</testsuite>
