<?xml version="1.0" encoding="UTF-8" ?>
<testsuite errors="0" failures="0" hostname="phrebejk-nb" name="org.codeviation.pojson.DateTest" tests="3" time="0.146" timestamp="2008-12-09T16:54:27">
  <properties>
[...]
</properties>
  <testcase classname="org.codeviation.pojson.DateTest" name="dateFromLong" time="0.035" />
  <testcase classname="org.codeviation.pojson.DateTest" name="dateWrite" time="0.0" />
  <testcase classname="org.codeviation.pojson.DateTest" name="dateToLong" time="0.0010" />
  <system-out><![CDATA[dateFromLong
dateFromDate
dateFromDate
]]></system-out>
  <system-err><![CDATA[]]></system-err>
</testsuite>
